<?xml version="1.0" encoding="UTF-8"?>
<!-- Generated by org.testng.reporters.JUnitReportReporter -->
<testsuite skipped="0" hostname="DDC5-D-78KFNK2" name="com.test.sample.project.seleniumautomation.ProductEnrichmentValidationWithMethods" tests="1" failures="0" timestamp="19 Apr 2018 07:38:46 GMT" time="26.447" errors="0">
  <testcase name="start" time="26.447" classname="com.test.sample.project.seleniumautomation.ProductEnrichmentValidationWithMethods"/>
</testsuite> <!-- com.test.sample.project.seleniumautomation.ProductEnrichmentValidationWithMethods -->
