<?xml version="1.0" encoding="UTF-8"?>
<!-- Generated by org.testng.reporters.JUnitReportReporter -->
<testsuite skipped="0" hostname="DDC5-D-78KFNK2" name="com.test.sample.project.seleniumautomation.ProductValidation" tests="1" failures="0" timestamp="12 Apr 2018 10:37:53 GMT" time="1.060" errors="0">
  <testcase name="readExcel" time="1.060" classname="com.test.sample.project.seleniumautomation.ProductValidation"/>
</testsuite> <!-- com.test.sample.project.seleniumautomation.ProductValidation -->
