<?xml version="1.0" encoding="UTF-8"?>
<!-- Generated by org.testng.reporters.JUnitReportReporter -->
<testsuite skipped="0" hostname="DDC5-D-78KFNK2" name="com.test.sample.project.seleniumautomation.ProductValidationWithMethods" tests="1" failures="0" timestamp="07 May 2018 09:54:18 GMT" time="102.073" errors="0">
  <testcase name="start" time="102.073" classname="com.test.sample.project.seleniumautomation.ProductValidationWithMethods"/>
</testsuite> <!-- com.test.sample.project.seleniumautomation.ProductValidationWithMethods -->
